<?xml version="1.0" encoding="UTF-8"?>
<testsuite name="ru.stqa.study.addressbook.tests.GroupModificationTests" tests="1" skipped="0" failures="0" errors="0" timestamp="2019-04-21T19:31:12" hostname="WGD02RTI426" time="3.107">
  <properties/>
  <testcase name="testGroupModify" classname="ru.stqa.study.addressbook.tests.GroupModificationTests" time="3.107"/>
  <system-out><![CDATA[]]></system-out>
  <system-err><![CDATA[]]></system-err>
</testsuite>
