<?xml version="1.0" encoding="UTF-8"?>
<testsuite name="ru.stqa.study.addressbook.tests.CreateContact" tests="4" skipped="0" failures="0" errors="0" timestamp="2019-04-21T18:46:48" hostname="WGD02RTI426" time="19.702">
  <properties/>
  <testcase name="testBadCreateContact" classname="ru.stqa.study.addressbook.tests.CreateContact" time="6.984"/>
  <testcase name="testCreateContact[0](ContactAdd{id='2147483647', firstname='firstname 0', lastname='lastname 0'})" classname="ru.stqa.study.addressbook.tests.CreateContact" time="4.067"/>
  <testcase name="testCreateContact[1](ContactAdd{id='2147483647', firstname='firstname 1', lastname='lastname 1'})" classname="ru.stqa.study.addressbook.tests.CreateContact" time="4.103"/>
  <testcase name="testCreateContact[2](ContactAdd{id='2147483647', firstname='firstname 2', lastname='lastname 2'})" classname="ru.stqa.study.addressbook.tests.CreateContact" time="4.438"/>
  <system-out><![CDATA[]]></system-out>
  <system-err><![CDATA[]]></system-err>
</testsuite>
