<?xml version="1.0" encoding="UTF-8"?>
<testsuite name="ru.stqa.study.addressbook.tests.DeleteContact" tests="1" skipped="0" failures="0" errors="0" timestamp="2019-04-21T18:47:12" hostname="WGD02RTI426" time="2.998">
  <properties/>
  <testcase name="testDeleteContact" classname="ru.stqa.study.addressbook.tests.DeleteContact" time="2.998"/>
  <system-out><![CDATA[]]></system-out>
  <system-err><![CDATA[]]></system-err>
</testsuite>
