<?xml version="1.0" encoding="UTF-8"?>
<testsuite name="ru.stqa.study.addressbook.tests.GroupCreationTests" tests="4" skipped="0" failures="0" errors="0" timestamp="2019-04-21T16:22:48" hostname="WGD02RTI426" time="10.866">
  <properties/>
  <testcase name="testBadGroupCreation" classname="ru.stqa.study.addressbook.tests.GroupCreationTests" time="3.623"/>
  <testcase name="testGroupCreation[0](GroupDate{id='2147483647', name='test 0'})" classname="ru.stqa.study.addressbook.tests.GroupCreationTests" time="2.375"/>
  <testcase name="testGroupCreation[1](GroupDate{id='2147483647', name='test 1'})" classname="ru.stqa.study.addressbook.tests.GroupCreationTests" time="2.435"/>
  <testcase name="testGroupCreation[2](GroupDate{id='2147483647', name='test 2'})" classname="ru.stqa.study.addressbook.tests.GroupCreationTests" time="2.349"/>
  <system-out><![CDATA[]]></system-out>
  <system-err><![CDATA[]]></system-err>
</testsuite>
